<?xml version="1.0" encoding="UTF-8"?>
<!-- Generated by org.testng.reporters.JUnitReportReporter -->
<testsuite hostname="LAPTOP-VPP8KRO5" failures="0" tests="2" name="step_Definition.Step_Def" time="5.095" errors="0" timestamp="2021-03-12T19:18:43 IST" skipped="0">
  <testcase classname="step_Definition.Step_Def" name="emailid" time="2.596"/>
  <system-out/>
  <testcase classname="step_Definition.Step_Def" name="enter_password" time="2.499"/>
  <system-out/>
</testsuite> <!-- step_Definition.Step_Def -->
